<?xml version="1.0" encoding="UTF-8"?>
<testng-results skipped="0" failed="0" total="1" passed="1">
  <reporter-output>
  </reporter-output>
  <suite name="suite of suites" duration-ms="0" started-at="2017-06-23T11:29:09Z" finished-at="2017-06-23T11:29:09Z">
    <groups>
    </groups>
  </suite> <!-- suite of suites -->
  <suite name="das_standalone" duration-ms="5" started-at="2017-06-23T11:29:07Z" finished-at="2017-06-23T11:29:07Z">
    <groups>
    </groups>
    <test name="das-tests" duration-ms="5" started-at="2017-06-23T11:29:07Z" finished-at="2017-06-23T11:29:07Z">
      <class name="org.das.tests.routing.EchoService">
        <test-method status="PASS" signature="createEnvironment(org.testng.ITestContext)[pri:0, instance:org.das.tests.routing.EchoService@2d209079]" name="createEnvironment" is-config="true" duration-ms="11553" started-at="2017-06-23T16:58:56Z" finished-at="2017-06-23T16:59:07Z">
          <params>
            <param index="0">
              <value>
                <![CDATA[org.testng.TestRunner@7f010382]]>
              </value>
            </param>
          </params>
          <reporter-output>
          </reporter-output>
        </test-method> <!-- createEnvironment -->
        <test-method status="PASS" signature="init(org.testng.ITestContext)[pri:0, instance:org.das.tests.routing.EchoService@2d209079]" name="init" is-config="true" duration-ms="0" started-at="2017-06-23T16:59:07Z" finished-at="2017-06-23T16:59:07Z">
          <params>
            <param index="0">
              <value>
                <![CDATA[org.testng.TestRunner@7f010382]]>
              </value>
            </param>
          </params>
          <reporter-output>
          </reporter-output>
        </test-method> <!-- init -->
        <test-method status="PASS" signature="getPostToEcho()[pri:0, instance:org.das.tests.routing.EchoService@2d209079]" name="getPostToEcho" duration-ms="0" started-at="2017-06-23T16:59:07Z" finished-at="2017-06-23T16:59:07Z">
          <reporter-output>
          </reporter-output>
        </test-method> <!-- getPostToEcho -->
        <test-method status="PASS" signature="deleteEnvironment(org.testng.ITestContext)[pri:0, instance:org.das.tests.routing.EchoService@2d209079]" name="deleteEnvironment" is-config="true" duration-ms="1170" started-at="2017-06-23T16:59:07Z" finished-at="2017-06-23T16:59:09Z">
          <params>
            <param index="0">
              <value>
                <![CDATA[org.testng.TestRunner@7f010382]]>
              </value>
            </param>
          </params>
          <reporter-output>
          </reporter-output>
        </test-method> <!-- deleteEnvironment -->
      </class> <!-- org.das.tests.routing.EchoService -->
    </test> <!-- das-tests -->
  </suite> <!-- das_standalone -->
</testng-results>
